2019-09-10 15:22:47,501 ERROR: Exception on /translate [POST] [in /home/zija1504/.local/share/virtualenvs/flask_app-XSaV25xR/lib/python3.7/site-packages/flask/app.py:1891]
Traceback (most recent call last):
  File "/home/zija1504/.local/share/virtualenvs/flask_app-XSaV25xR/lib/python3.7/site-packages/flask/app.py", line 2446, in wsgi_app
    response = self.full_dispatch_request()
  File "/home/zija1504/.local/share/virtualenvs/flask_app-XSaV25xR/lib/python3.7/site-packages/flask/app.py", line 1951, in full_dispatch_request
    rv = self.handle_user_exception(e)
  File "/home/zija1504/.local/share/virtualenvs/flask_app-XSaV25xR/lib/python3.7/site-packages/flask/app.py", line 1820, in handle_user_exception
    reraise(exc_type, exc_value, tb)
  File "/home/zija1504/.local/share/virtualenvs/flask_app-XSaV25xR/lib/python3.7/site-packages/flask/_compat.py", line 39, in reraise
    raise value
  File "/home/zija1504/.local/share/virtualenvs/flask_app-XSaV25xR/lib/python3.7/site-packages/flask/app.py", line 1949, in full_dispatch_request
    rv = self.dispatch_request()
  File "/home/zija1504/.local/share/virtualenvs/flask_app-XSaV25xR/lib/python3.7/site-packages/flask/app.py", line 1935, in dispatch_request
    return self.view_functions[rule.endpoint](**req.view_args)
  File "/home/zija1504/.local/share/virtualenvs/flask_app-XSaV25xR/lib/python3.7/site-packages/flask_login/utils.py", line 261, in decorated_view
    return func(*args, **kwargs)
  File "/home/zija1504/my_projects/flask_app/app/main/routes.py", line 133, in translate_text
    request.form['dest_language'])})
  File "/home/zija1504/my_projects/flask_app/app/translate.py", line 9, in translate
    if 'MS_TRANSLATOR_KEY' not in app.config or \
NameError: name 'app' is not defined
2019-09-10 15:25:47,845 INFO: Microblog startup [in /home/zija1504/my_projects/flask_app/app/__init__.py:74]
2019-09-10 19:53:25,238 INFO: Microblog startup [in /home/zija1504/my_projects/flask_app/app/__init__.py:74]
2019-09-11 18:18:24,202 INFO: Microblog startup [in /home/zija1504/my_projects/flask_app/app/__init__.py:80]
2019-09-11 18:21:00,212 INFO: Microblog startup [in /home/zija1504/my_projects/flask_app/app/__init__.py:80]
2019-09-11 18:24:04,765 INFO: Microblog startup [in /home/zija1504/my_projects/flask_app/app/__init__.py:80]
2019-09-11 18:24:38,556 INFO: Microblog startup [in /home/zija1504/my_projects/flask_app/app/__init__.py:80]
2019-09-11 18:25:08,312 INFO: Microblog startup [in /home/zija1504/my_projects/flask_app/app/__init__.py:80]
2019-09-11 19:23:27,795 INFO: Microblog startup [in /home/zija1504/my_projects/flask_app/app/__init__.py:80]
2019-09-11 19:26:30,503 INFO: Microblog startup [in /home/zija1504/my_projects/flask_app/app/__init__.py:80]
2019-09-12 20:59:07,583 INFO: Microblog startup [in /home/zija1504/my_projects/flask_app/app/__init__.py:80]
2019-09-12 20:59:11,131 ERROR: Exception on / [GET] [in /home/zija1504/.local/share/virtualenvs/flask_app-XSaV25xR/lib/python3.7/site-packages/flask/app.py:1891]
Traceback (most recent call last):
  File "/home/zija1504/.local/share/virtualenvs/flask_app-XSaV25xR/lib/python3.7/site-packages/flask/app.py", line 2446, in wsgi_app
    response = self.full_dispatch_request()
  File "/home/zija1504/.local/share/virtualenvs/flask_app-XSaV25xR/lib/python3.7/site-packages/flask/app.py", line 1951, in full_dispatch_request
    rv = self.handle_user_exception(e)
  File "/home/zija1504/.local/share/virtualenvs/flask_app-XSaV25xR/lib/python3.7/site-packages/flask/app.py", line 1820, in handle_user_exception
    reraise(exc_type, exc_value, tb)
  File "/home/zija1504/.local/share/virtualenvs/flask_app-XSaV25xR/lib/python3.7/site-packages/flask/_compat.py", line 39, in reraise
    raise value
  File "/home/zija1504/.local/share/virtualenvs/flask_app-XSaV25xR/lib/python3.7/site-packages/flask/app.py", line 1949, in full_dispatch_request
    rv = self.dispatch_request()
  File "/home/zija1504/.local/share/virtualenvs/flask_app-XSaV25xR/lib/python3.7/site-packages/flask/app.py", line 1935, in dispatch_request
    return self.view_functions[rule.endpoint](**req.view_args)
  File "/home/zija1504/.local/share/virtualenvs/flask_app-XSaV25xR/lib/python3.7/site-packages/flask_login/utils.py", line 261, in decorated_view
    return func(*args, **kwargs)
  File "/home/zija1504/my_projects/flask_app/app/main/routes.py", line 51, in index
    prev_url=prev_url)
  File "/home/zija1504/.local/share/virtualenvs/flask_app-XSaV25xR/lib/python3.7/site-packages/flask/templating.py", line 140, in render_template
    ctx.app,
  File "/home/zija1504/.local/share/virtualenvs/flask_app-XSaV25xR/lib/python3.7/site-packages/flask/templating.py", line 120, in _render
    rv = template.render(context)
  File "/home/zija1504/.local/share/virtualenvs/flask_app-XSaV25xR/lib/python3.7/site-packages/jinja2/asyncsupport.py", line 76, in render
    return original_render(self, *args, **kwargs)
  File "/home/zija1504/.local/share/virtualenvs/flask_app-XSaV25xR/lib/python3.7/site-packages/jinja2/environment.py", line 1008, in render
    return self.environment.handle_exception(exc_info, True)
  File "/home/zija1504/.local/share/virtualenvs/flask_app-XSaV25xR/lib/python3.7/site-packages/jinja2/environment.py", line 780, in handle_exception
    reraise(exc_type, exc_value, tb)
  File "/home/zija1504/.local/share/virtualenvs/flask_app-XSaV25xR/lib/python3.7/site-packages/jinja2/_compat.py", line 37, in reraise
    raise value.with_traceback(tb)
  File "/home/zija1504/my_projects/flask_app/app/templates/index.html", line 2, in top-level template code
    {% import 'bootstrap/wtf.html' as wtf %}
  File "/home/zija1504/my_projects/flask_app/app/templates/base.html", line 1, in top-level template code
    {% extends 'bootstrap/base.html' %}
  File "/home/zija1504/.local/share/virtualenvs/flask_app-XSaV25xR/lib/python3.7/site-packages/flask_bootstrap/templates/bootstrap/base.html", line 1, in top-level template code
    {% block doc -%}
  File "/home/zija1504/.local/share/virtualenvs/flask_app-XSaV25xR/lib/python3.7/site-packages/flask_bootstrap/templates/bootstrap/base.html", line 4, in block "doc"
    {%- block html %}
  File "/home/zija1504/.local/share/virtualenvs/flask_app-XSaV25xR/lib/python3.7/site-packages/flask_bootstrap/templates/bootstrap/base.html", line 20, in block "html"
    {% block body -%}
  File "/home/zija1504/.local/share/virtualenvs/flask_app-XSaV25xR/lib/python3.7/site-packages/flask_bootstrap/templates/bootstrap/base.html", line 26, in block "body"
    {% block scripts %}
  File "/home/zija1504/my_projects/flask_app/app/templates/base.html", line 65, in block "scripts"
    $(destElem).html('<img src="{{ url_for('
  File "/home/zija1504/.local/share/virtualenvs/flask_app-XSaV25xR/lib/python3.7/site-packages/flask/helpers.py", line 370, in url_for
    return appctx.app.handle_url_build_error(error, endpoint, values)
  File "/home/zija1504/.local/share/virtualenvs/flask_app-XSaV25xR/lib/python3.7/site-packages/flask/app.py", line 2215, in handle_url_build_error
    reraise(exc_type, exc_value, tb)
  File "/home/zija1504/.local/share/virtualenvs/flask_app-XSaV25xR/lib/python3.7/site-packages/flask/_compat.py", line 39, in reraise
    raise value
  File "/home/zija1504/.local/share/virtualenvs/flask_app-XSaV25xR/lib/python3.7/site-packages/flask/helpers.py", line 358, in url_for
    endpoint, values, method=method, force_external=external
  File "/home/zija1504/.local/share/virtualenvs/flask_app-XSaV25xR/lib/python3.7/site-packages/werkzeug/routing.py", line 2020, in build
    raise BuildError(endpoint, values, method, self)
werkzeug.routing.BuildError: Could not build url for endpoint '\n      static ' with values ['filename']. Did you mean 'static' instead?
